{"timestamp":"2025-08-19T14:15:29.130266","level":"info","event":"DAG bundles loaded: dags-folder, example_dags","logger":"airflow.dag_processing.bundles.manager.DagBundlesManager"}
{"timestamp":"2025-08-19T14:15:29.131569","level":"info","event":"Filling up the DagBag from /opt/airflow/dags/fact_production.py","logger":"airflow.models.dagbag.DagBag"}
{"timestamp":"2025-08-19T14:15:29.155803Z","level":"info","event":"Task instance is in running state","chan":"stdout","logger":"task"}
{"timestamp":"2025-08-19T14:15:29.155965Z","level":"info","event":" Previous state of the Task instance: TaskInstanceState.QUEUED","chan":"stdout","logger":"task"}
{"timestamp":"2025-08-19T14:15:29.156085Z","level":"info","event":"Current task name:load_data_to_neon","chan":"stdout","logger":"task"}
{"timestamp":"2025-08-19T14:15:29.156164Z","level":"info","event":"Dag name:etl_fact_production_dag","chan":"stdout","logger":"task"}
{"timestamp":"2025-08-19T14:15:29.156794Z","level":"info","event":"Starting data loading...","chan":"stdout","logger":"task"}
{"timestamp":"2025-08-19T14:15:29.161866","level":"warning","event":"/opt/airflow/dags/fact_production.py:112: FutureWarning: Passing literal json to 'read_json' is deprecated and will be removed in a future version. To read from a literal string, wrap it in a 'StringIO' object.\n  df_transformed = pd.read_json(json_data, orient='records')\n","logger":"py.warnings"}
{"timestamp":"2025-08-19T14:15:29.166346Z","level":"info","event":"Data received for loading: 79 rows","chan":"stdout","logger":"task"}
{"timestamp":"2025-08-19T14:15:29.167198","level":"warning","event":"/home/airflow/.local/lib/python3.12/site-packages/airflow/models/connection.py:471: DeprecationWarning: Using Connection.get_connection_from_secrets from `airflow.models` is deprecated.Please use `from airflow.sdk import Connection` instead\n  warnings.warn(\n","logger":"py.warnings"}
{"timestamp":"2025-08-19T14:15:29.170811","level":"info","event":"Connection Retrieved 'bdd_neon_recette'","logger":"airflow.hooks.base"}
{"timestamp":"2025-08-19T14:15:29.420736Z","level":"info","event":"Error loading data into Neon: there is no unique or exclusion constraint matching the ON CONFLICT specification","chan":"stdout","logger":"task"}
{"timestamp":"2025-08-19T14:15:29.421072Z","level":"info","event":"","chan":"stdout","logger":"task"}
{"timestamp":"2025-08-19T14:15:29.438922Z","level":"info","event":"Error in load_data_to_neon: there is no unique or exclusion constraint matching the ON CONFLICT specification","chan":"stdout","logger":"task"}
{"timestamp":"2025-08-19T14:15:29.439237Z","level":"info","event":"","chan":"stdout","logger":"task"}
{"timestamp":"2025-08-19T14:15:29.438968","level":"error","event":"Task failed with exception","logger":"task","error_detail":[{"exc_type":"InvalidColumnReference","exc_value":"there is no unique or exclusion constraint matching the ON CONFLICT specification\n","exc_notes":[],"syntax_error":null,"is_cause":false,"frames":[{"filename":"/home/airflow/.local/lib/python3.12/site-packages/airflow/sdk/execution_time/task_runner.py","lineno":890,"name":"run"},{"filename":"/home/airflow/.local/lib/python3.12/site-packages/airflow/sdk/execution_time/task_runner.py","lineno":1177,"name":"_execute_task"},{"filename":"/home/airflow/.local/lib/python3.12/site-packages/airflow/sdk/bases/operator.py","lineno":397,"name":"wrapper"},{"filename":"/home/airflow/.local/lib/python3.12/site-packages/airflow/providers/standard/operators/python.py","lineno":217,"name":"execute"},{"filename":"/home/airflow/.local/lib/python3.12/site-packages/airflow/providers/standard/operators/python.py","lineno":240,"name":"execute_callable"},{"filename":"/home/airflow/.local/lib/python3.12/site-packages/airflow/sdk/execution_time/callback_runner.py","lineno":81,"name":"run"},{"filename":"/opt/airflow/dags/fact_production.py","lineno":167,"name":"load_data_to_neon"}],"is_group":false,"exceptions":[]}]}
{"timestamp":"2025-08-19T14:15:29.459117Z","level":"info","event":"Task instance in failure state","chan":"stdout","logger":"task"}
{"timestamp":"2025-08-19T14:15:29.459391Z","level":"info","event":"Task start","chan":"stdout","logger":"task"}
{"timestamp":"2025-08-19T14:15:29.459645Z","level":"info","event":"Task:<Task(PythonOperator): load_data_to_neon>","chan":"stdout","logger":"task"}
{"timestamp":"2025-08-19T14:15:29.459820Z","level":"info","event":"Failure caused by there is no unique or exclusion constraint matching the ON CONFLICT specification","chan":"stdout","logger":"task"}
{"timestamp":"2025-08-19T14:15:29.459987Z","level":"info","event":"","chan":"stdout","logger":"task"}
