{"timestamp":"2025-08-19T15:15:57.079708","level":"info","event":"DAG bundles loaded: dags-folder, example_dags","logger":"airflow.dag_processing.bundles.manager.DagBundlesManager"}
{"timestamp":"2025-08-19T15:15:57.079984","level":"info","event":"Filling up the DagBag from /opt/airflow/dags/fact_production.py","logger":"airflow.models.dagbag.DagBag"}
{"timestamp":"2025-08-19T15:15:57.099177Z","level":"info","event":"Task instance is in running state","chan":"stdout","logger":"task"}
{"timestamp":"2025-08-19T15:15:57.099295Z","level":"info","event":" Previous state of the Task instance: TaskInstanceState.QUEUED","chan":"stdout","logger":"task"}
{"timestamp":"2025-08-19T15:15:57.099409Z","level":"info","event":"Current task name:load_data_to_neon","chan":"stdout","logger":"task"}
{"timestamp":"2025-08-19T15:15:57.099485Z","level":"info","event":"Dag name:etl_fact_production_dag","chan":"stdout","logger":"task"}
{"timestamp":"2025-08-19T15:15:57.099906Z","level":"info","event":"Starting data loading...","chan":"stdout","logger":"task"}
{"timestamp":"2025-08-19T15:15:57.104171","level":"warning","event":"/opt/airflow/dags/fact_production.py:118: FutureWarning: Passing literal json to 'read_json' is deprecated and will be removed in a future version. To read from a literal string, wrap it in a 'StringIO' object.\n  df_transformed = pd.read_json(json_data, orient='records')\n","logger":"py.warnings"}
{"timestamp":"2025-08-19T15:15:57.107117Z","level":"info","event":"Data received for loading: 63 rows","chan":"stdout","logger":"task"}
{"timestamp":"2025-08-19T15:15:57.107839","level":"warning","event":"/home/airflow/.local/lib/python3.12/site-packages/airflow/models/connection.py:471: DeprecationWarning: Using Connection.get_connection_from_secrets from `airflow.models` is deprecated.Please use `from airflow.sdk import Connection` instead\n  warnings.warn(\n","logger":"py.warnings"}
{"timestamp":"2025-08-19T15:15:57.110430","level":"info","event":"Connection Retrieved 'bdd_neon_recette'","logger":"airflow.hooks.base"}
{"timestamp":"2025-08-19T15:15:57.348964Z","level":"info","event":"Error loading data into Neon: column \"valeur\" is of type double precision but expression is of type character varying","chan":"stdout","logger":"task"}
{"timestamp":"2025-08-19T15:15:57.349255Z","level":"info","event":"LINE 6:                     variable, id_variable, valeur, unit, dat...","chan":"stdout","logger":"task"}
{"timestamp":"2025-08-19T15:15:57.349370Z","level":"info","event":"                                                   ^","chan":"stdout","logger":"task"}
{"timestamp":"2025-08-19T15:15:57.349465Z","level":"info","event":"HINT:  You will need to rewrite or cast the expression.","chan":"stdout","logger":"task"}
{"timestamp":"2025-08-19T15:15:57.349564Z","level":"info","event":"","chan":"stdout","logger":"task"}
{"timestamp":"2025-08-19T15:15:57.367854Z","level":"info","event":"Error in load_data_to_neon: column \"valeur\" is of type double precision but expression is of type character varying","chan":"stdout","logger":"task"}
{"timestamp":"2025-08-19T15:15:57.370898Z","level":"info","event":"LINE 6:                     variable, id_variable, valeur, unit, dat...","chan":"stdout","logger":"task"}
{"timestamp":"2025-08-19T15:15:57.371007Z","level":"info","event":"                                                   ^","chan":"stdout","logger":"task"}
{"timestamp":"2025-08-19T15:15:57.371067Z","level":"info","event":"HINT:  You will need to rewrite or cast the expression.","chan":"stdout","logger":"task"}
{"timestamp":"2025-08-19T15:15:57.371122Z","level":"info","event":"","chan":"stdout","logger":"task"}
{"timestamp":"2025-08-19T15:15:57.367462","level":"error","event":"Task failed with exception","logger":"task","error_detail":[{"exc_type":"DatatypeMismatch","exc_value":"column \"valeur\" is of type double precision but expression is of type character varying\nLINE 6:                     variable, id_variable, valeur, unit, dat...\n                                                   ^\nHINT:  You will need to rewrite or cast the expression.\n","exc_notes":[],"syntax_error":null,"is_cause":false,"frames":[{"filename":"/home/airflow/.local/lib/python3.12/site-packages/airflow/sdk/execution_time/task_runner.py","lineno":890,"name":"run"},{"filename":"/home/airflow/.local/lib/python3.12/site-packages/airflow/sdk/execution_time/task_runner.py","lineno":1177,"name":"_execute_task"},{"filename":"/home/airflow/.local/lib/python3.12/site-packages/airflow/sdk/bases/operator.py","lineno":397,"name":"wrapper"},{"filename":"/home/airflow/.local/lib/python3.12/site-packages/airflow/providers/standard/operators/python.py","lineno":217,"name":"execute"},{"filename":"/home/airflow/.local/lib/python3.12/site-packages/airflow/providers/standard/operators/python.py","lineno":240,"name":"execute_callable"},{"filename":"/home/airflow/.local/lib/python3.12/site-packages/airflow/sdk/execution_time/callback_runner.py","lineno":81,"name":"run"},{"filename":"/opt/airflow/dags/fact_production.py","lineno":178,"name":"load_data_to_neon"}],"is_group":false,"exceptions":[]}]}
{"timestamp":"2025-08-19T15:15:57.383784Z","level":"info","event":"Task instance in failure state","chan":"stdout","logger":"task"}
{"timestamp":"2025-08-19T15:15:57.384443Z","level":"info","event":"Task start","chan":"stdout","logger":"task"}
{"timestamp":"2025-08-19T15:15:57.385010Z","level":"info","event":"Task:<Task(PythonOperator): load_data_to_neon>","chan":"stdout","logger":"task"}
{"timestamp":"2025-08-19T15:15:57.385412Z","level":"info","event":"Failure caused by column \"valeur\" is of type double precision but expression is of type character varying","chan":"stdout","logger":"task"}
{"timestamp":"2025-08-19T15:15:57.385572Z","level":"info","event":"LINE 6:                     variable, id_variable, valeur, unit, dat...","chan":"stdout","logger":"task"}
{"timestamp":"2025-08-19T15:15:57.385775Z","level":"info","event":"                                                   ^","chan":"stdout","logger":"task"}
{"timestamp":"2025-08-19T15:15:57.385942Z","level":"info","event":"HINT:  You will need to rewrite or cast the expression.","chan":"stdout","logger":"task"}
{"timestamp":"2025-08-19T15:15:57.386047Z","level":"info","event":"","chan":"stdout","logger":"task"}
